<?xml version="1.0" encoding="UTF-8"?>
<!-- Generated by org.testng.reporters.JUnitXMLReporter -->
<testsuite hostname="Sushmita" ignored="0" name="POC_Test1" tests="1" failures="1" timestamp="2021-07-01T00:58:00 IST" time="290.09" errors="0">
  <testcase name="shopAtEbay" time="253.97" classname="com.tyss.actitime.scripts.Ebay">
    <failure type="java.lang.AssertionError" message="Unable to clk on cart button">
      <![CDATA[java.lang.AssertionError: Unable to clk on cart button
at com.tyss.demo.pages.Ebay_Page.clkOnCartBtn(Ebay_Page.java:269)
at com.tyss.actitime.scripts.Ebay.shopAtEbay(Ebay.java:52)
at java.util.ArrayList.forEach(Unknown Source)
... Removed 28 stack frames]]>
    </failure>
  </testcase> <!-- shopAtEbay -->
</testsuite> <!-- POC_Test1 -->
